{
  "RSpec": {
    "coverage": {
      "/home/codio/workspace/SA-Timesheet-System/app/helpers/application_helper.rb": {
        "lines": [
          1,
          null
        ]
      },
      "/home/codio/workspace/SA-Timesheet-System/app/helpers/profiles_helper.rb": {
        "lines": [
          1,
          null
        ]
      },
      "/home/codio/workspace/SA-Timesheet-System/app/helpers/sessions_helper.rb": {
        "lines": [
          1,
          null
        ]
      },
      "/home/codio/workspace/SA-Timesheet-System/app/helpers/timetables_helper.rb": {
        "lines": [
          1,
          null
        ]
      },
      "/home/codio/workspace/SA-Timesheet-System/app/controllers/sessions_controller.rb": {
        "lines": [
          1,
          1,
          1,
          0,
          0,
          0,
          0,
          0,
          0,
          null,
          0,
          null,
          null,
          null,
          null,
          1,
          null,
          null,
          1,
          0,
          0,
          null,
          null,
          1,
          0,
          0,
          null,
          0,
          0,
          0,
          0,
          0,
          0,
          0,
          null,
          0,
          null,
          null,
          0,
          null,
          null,
          null,
          null,
          1,
          15,
          null,
          15,
          null,
          7,
          7,
          7,
          7,
          7,
          7,
          7,
          null,
          null,
          null,
          8,
          null,
          8,
          null,
          null,
          8,
          null,
          8,
          8,
          8,
          8,
          null,
          8,
          null,
          null,
          0,
          0,
          0,
          null,
          null,
          null,
          null,
          1,
          null,
          null,
          null,
          1,
          0,
          0,
          0,
          0,
          0,
          null,
          null,
          1,
          1,
          null,
          45,
          null,
          null
        ]
      },
      "/home/codio/workspace/SA-Timesheet-System/app/controllers/application_controller.rb": {
        "lines": [
          1,
          null,
          null,
          1,
          1,
          null,
          null,
          null,
          null,
          1,
          null,
          1,
          null,
          null,
          1,
          null,
          22,
          null,
          null,
          1,
          13,
          null,
          null,
          null,
          1,
          13,
          null,
          null
        ]
      },
      "/home/codio/workspace/SA-Timesheet-System/app/controllers/timetables_controller.rb": {
        "lines": [
          1,
          1,
          1,
          null,
          1,
          0,
          0,
          null,
          null,
          1,
          5,
          5,
          0,
          null,
          5,
          null,
          5,
          null,
          null,
          null,
          1,
          0,
          0,
          null,
          null,
          null,
          1,
          4,
          null,
          4,
          null,
          null,
          null,
          null,
          4,
          4,
          null,
          null,
          null,
          1,
          3,
          3,
          1,
          1,
          null,
          null,
          null,
          1,
          1,
          1,
          1,
          null,
          0,
          null,
          null,
          null,
          null,
          1,
          0,
          0,
          null,
          null,
          null,
          null,
          1,
          0,
          0,
          0,
          null,
          null,
          1,
          null,
          1,
          3,
          null,
          1,
          5,
          5,
          5,
          5,
          5,
          10,
          0,
          null,
          10,
          10,
          10,
          null,
          null,
          5,
          null,
          null,
          null,
          1,
          1,
          null,
          null,
          1,
          0,
          0,
          0,
          0,
          0,
          0,
          0,
          0,
          0,
          0,
          0,
          0,
          null,
          null,
          null
        ]
      },
      "/home/codio/workspace/SA-Timesheet-System/app/models/authorization.rb": {
        "lines": [
          1,
          1,
          1,
          null,
          1,
          8,
          null,
          null,
          1,
          null,
          15,
          null,
          null,
          1,
          24,
          null,
          null,
          null
        ]
      },
      "/home/codio/workspace/SA-Timesheet-System/app/models/profile.rb": {
        "lines": [
          1,
          1,
          null
        ]
      },
      "/home/codio/workspace/SA-Timesheet-System/app/models/timetable.rb": {
        "lines": [
          1,
          null,
          1,
          1,
          null,
          null,
          1,
          5,
          null,
          null,
          null
        ]
      },
      "/home/codio/workspace/SA-Timesheet-System/app/models/user.rb": {
        "lines": [
          1,
          1,
          1,
          1,
          1,
          null,
          1,
          1,
          45,
          null,
          null,
          null,
          1,
          12,
          null,
          null,
          null,
          1,
          8,
          null,
          null,
          1,
          9,
          null,
          null
        ]
      },
      "/home/codio/workspace/SA-Timesheet-System/app/controllers/profiles_controller.rb": {
        "lines": [
          0,
          0,
          null,
          null,
          0,
          0,
          0,
          null,
          null,
          0,
          0,
          null,
          null,
          0,
          0,
          0,
          null,
          null,
          0,
          0,
          null,
          null,
          0,
          0,
          null,
          0,
          0,
          0,
          0,
          0,
          0,
          null,
          null,
          0,
          0,
          0,
          0,
          0,
          0,
          0,
          null,
          null,
          0,
          0,
          0,
          0,
          null,
          0,
          null,
          0,
          0,
          0,
          null,
          null,
          0,
          0,
          0,
          0
        ],
        "branches": {
        }
      },
      "/home/codio/workspace/SA-Timesheet-System/app/controllers/timesheets_controller.rb": {
        "lines": [
          0,
          0,
          0,
          0,
          0,
          null,
          null,
          0
        ],
        "branches": {
        }
      }
    },
    "timestamp": 1621970159
  },
  "Cucumber Features": {
    "coverage": {
      "/home/codio/workspace/SA-Timesheet-System/app/models/authorization.rb": {
        "lines": [
          1,
          1,
          1,
          null,
          1,
          1,
          null,
          null,
          1,
          null,
          14,
          null,
          null,
          1,
          26,
          null,
          null,
          null
        ]
      },
      "/home/codio/workspace/SA-Timesheet-System/app/models/user.rb": {
        "lines": [
          1,
          1,
          1,
          1,
          1,
          null,
          1,
          1,
          14,
          null,
          null,
          null,
          1,
          2,
          null,
          null,
          null,
          1,
          1,
          null,
          null,
          1,
          12,
          null,
          null
        ]
      },
      "/home/codio/workspace/SA-Timesheet-System/app/models/timetable.rb": {
        "lines": [
          1,
          null,
          1,
          2,
          null,
          null,
          1,
          33,
          null,
          null,
          null
        ]
      },
      "/home/codio/workspace/SA-Timesheet-System/app/controllers/timesheets_controller.rb": {
        "lines": [
          1,
          1,
          1,
          29,
          null,
          null,
          null,
          null
        ]
      },
      "/home/codio/workspace/SA-Timesheet-System/app/controllers/application_controller.rb": {
        "lines": [
          1,
          null,
          null,
          1,
          1,
          null,
          null,
          null,
          null,
          1,
          null,
          1,
          null,
          null,
          1,
          null,
          123,
          null,
          null,
          1,
          47,
          null,
          null,
          null,
          1,
          14,
          null,
          null
        ]
      },
      "/home/codio/workspace/SA-Timesheet-System/app/helpers/application_helper.rb": {
        "lines": [
          1,
          null
        ]
      },
      "/home/codio/workspace/SA-Timesheet-System/app/helpers/profiles_helper.rb": {
        "lines": [
          1,
          null
        ]
      },
      "/home/codio/workspace/SA-Timesheet-System/app/helpers/sessions_helper.rb": {
        "lines": [
          1,
          null
        ]
      },
      "/home/codio/workspace/SA-Timesheet-System/app/helpers/timetables_helper.rb": {
        "lines": [
          1,
          null
        ]
      },
      "/home/codio/workspace/SA-Timesheet-System/app/controllers/sessions_controller.rb": {
        "lines": [
          1,
          1,
          1,
          0,
          0,
          0,
          0,
          0,
          0,
          null,
          0,
          null,
          null,
          null,
          null,
          1,
          null,
          null,
          1,
          0,
          0,
          null,
          null,
          1,
          0,
          0,
          null,
          0,
          0,
          0,
          0,
          0,
          0,
          0,
          null,
          0,
          null,
          null,
          0,
          null,
          null,
          null,
          null,
          1,
          14,
          null,
          14,
          null,
          12,
          12,
          12,
          12,
          12,
          2,
          2,
          null,
          null,
          null,
          2,
          null,
          1,
          null,
          null,
          1,
          null,
          1,
          1,
          1,
          1,
          null,
          1,
          null,
          null,
          11,
          11,
          11,
          null,
          null,
          null,
          null,
          1,
          null,
          null,
          null,
          1,
          1,
          1,
          1,
          1,
          1,
          null,
          null,
          1,
          1,
          null,
          41,
          null,
          null
        ]
      },
      "/home/codio/workspace/SA-Timesheet-System/app/controllers/timetables_controller.rb": {
        "lines": [
          1,
          1,
          1,
          null,
          1,
          0,
          0,
          null,
          null,
          1,
          35,
          35,
          2,
          null,
          33,
          null,
          35,
          null,
          null,
          null,
          1,
          0,
          0,
          null,
          null,
          null,
          1,
          3,
          null,
          3,
          null,
          null,
          null,
          null,
          3,
          3,
          null,
          null,
          null,
          1,
          5,
          5,
          3,
          3,
          null,
          null,
          null,
          1,
          0,
          0,
          0,
          null,
          0,
          null,
          null,
          null,
          null,
          1,
          1,
          1,
          null,
          null,
          null,
          null,
          1,
          1,
          1,
          1,
          null,
          null,
          1,
          null,
          1,
          7,
          null,
          1,
          35,
          35,
          35,
          35,
          35,
          22,
          5,
          null,
          22,
          17,
          17,
          null,
          null,
          35,
          null,
          null,
          null,
          1,
          1,
          null,
          null,
          1,
          2,
          2,
          2,
          2,
          2,
          2,
          2,
          2,
          2,
          2,
          2,
          2,
          null,
          null,
          null
        ]
      },
      "/home/codio/workspace/SA-Timesheet-System/app/models/profile.rb": {
        "lines": [
          1,
          1,
          null
        ]
      },
      "/home/codio/workspace/SA-Timesheet-System/app/controllers/profiles_controller.rb": {
        "lines": [
          1,
          1,
          null,
          null,
          1,
          0,
          null,
          null,
          null,
          1,
          null,
          null,
          null,
          1,
          0,
          null,
          null,
          null,
          1,
          null,
          null,
          null,
          1,
          0,
          null,
          0,
          0,
          null,
          0,
          null,
          null,
          null,
          null,
          1,
          0,
          0,
          null,
          0,
          null,
          null,
          null,
          null,
          1,
          0,
          0,
          null,
          null,
          1,
          null,
          1,
          1,
          null,
          null,
          null,
          1,
          0,
          null,
          null
        ]
      }
    },
    "timestamp": 1621970154
  }
}
